Using pre-set license
Built from '2020.3/staging' branch; Version is '2020.3.3f1 (76626098c1c4) revision 7758432'; Using compiler version '192528614'; Build Type 'Release'
OS: 'Windows 10 Pro; OS build 19042.1237; Version 2009; 64bit' Language: 'es' Physical Memory: 16314 MB
BatchMode: 1, IsHumanControllingUs: 0, StartBugReporterOnCrash: 0, Is64bit: 1, IsPro: 0

 COMMAND LINE ARGUMENTS:
C:\Program Files\Unity\Hub\Editor\2020.3.3f1\Editor\Unity.exe
-adb2
-batchMode
-noUpm
-name
AssetImportWorker0
-projectPath
D:/unity/projects/Ice Cup
-logFile
Logs/AssetImportWorker0.log
-srvPort
64207
Successfully changed project path to: D:/unity/projects/Ice Cup
D:/unity/projects/Ice Cup
Using Asset Import Pipeline V2.
Refreshing native plugins compatible for Editor in 97.67 ms, found 1 plugins.
Preloading 0 native plugins for Editor in 0.00 ms.
Initialize engine version: 2020.3.3f1 (76626098c1c4)
[Subsystems] Discovering subsystems at path C:/Program Files/Unity/Hub/Editor/2020.3.3f1/Editor/Data/Resources/UnitySubsystems
[Subsystems] Discovering subsystems at path D:/unity/projects/Ice Cup/Assets
GfxDevice: creating device client; threaded=0
Direct3D:
    Version:  Direct3D 11.0 [level 11.1]
    Renderer: NVIDIA GeForce GTX 1080 (ID=0x1b80)
    Vendor:   
    VRAM:     8079 MB
    Driver:   30.0.14.9709
Initialize mono
Mono path[0] = 'C:/Program Files/Unity/Hub/Editor/2020.3.3f1/Editor/Data/Managed'
Mono path[1] = 'C:/Program Files/Unity/Hub/Editor/2020.3.3f1/Editor/Data/MonoBleedingEdge/lib/mono/unityjit'
Mono config path = 'C:/Program Files/Unity/Hub/Editor/2020.3.3f1/Editor/Data/MonoBleedingEdge/etc'
Using monoOptions --debugger-agent=transport=dt_socket,embedding=1,server=y,suspend=n,address=127.0.0.1:56168
Begin MonoManager ReloadAssembly
Registering precompiled unity dll's ...
Register platform support module: C:/Program Files/Unity/Hub/Editor/2020.3.3f1/Editor/Data/PlaybackEngines/WindowsStandaloneSupport/UnityEditor.WindowsStandalone.Extensions.dll
Registered in 0.090609 seconds.
Native extension for WindowsStandalone target not found
Refreshing native plugins compatible for Editor in 31.59 ms, found 1 plugins.
Preloading 0 native plugins for Editor in 0.00 ms.
Invoked RoslynAnalysisRunner static constructor.
RoslynAnalysisRunner will not be running.
RoslynAnalysisRunner has terminated.
Mono: successfully reloaded assembly
- Completed reload, in  5.630 seconds
Platform modules already initialized, skipping
Registering precompiled user dll's ...
Registered in 0.031440 seconds.
Begin MonoManager ReloadAssembly
Native extension for WindowsStandalone target not found
Refreshing native plugins compatible for Editor in 32.30 ms, found 1 plugins.
Preloading 0 native plugins for Editor in 0.00 ms.
Invoked RoslynAnalysisRunner static constructor.
RoslynAnalysisRunner will not be running.
RoslynAnalysisRunner has terminated.
Mono: successfully reloaded assembly
- Completed reload, in  0.743 seconds
Platform modules already initialized, skipping
========================================================================
Worker process is ready to serve import requests
Launched and connected shader compiler UnityShaderCompiler.exe after 0.09 seconds
Refreshing native plugins compatible for Editor in 1.15 ms, found 1 plugins.
Preloading 0 native plugins for Editor in 0.00 ms.
Unloading 1878 Unused Serialized files (Serialized files now loaded: 0)
System memory in use before: 88.6 MB.
System memory in use after: 88.5 MB.

Unloading 24 unused Assets to reduce memory usage. Loaded Objects now: 2322.
Total: 6.804600 ms (FindLiveObjects: 0.553300 ms CreateObjectMapping: 0.248900 ms MarkObjects: 5.572200 ms  DeleteObjects: 0.427300 ms)

========================================================================
Received Import Request.
  path: Assets/Scenes/GamePlay.unity
  artifactKey: Guid(0e9177668d750434e81b9e219516ccbf) Importer(815301076,1909f56bfc062723c751e8b465ee728b)
Start importing Assets/Scenes/GamePlay.unity using Guid(0e9177668d750434e81b9e219516ccbf) Importer(815301076,1909f56bfc062723c751e8b465ee728b)  -> (artifact id: 'f711d3ee45ee8e35243845e8733fa34e') in 0.041175 seconds
  Import took 0.058523 seconds .

========================================================================
Received Prepare
Registering precompiled user dll's ...
Registered in 0.000933 seconds.
Begin MonoManager ReloadAssembly
Native extension for WindowsStandalone target not found
Refreshing native plugins compatible for Editor in 0.29 ms, found 1 plugins.
Preloading 0 native plugins for Editor in 0.00 ms.
Invoked RoslynAnalysisRunner static constructor.
RoslynAnalysisRunner will not be running.
RoslynAnalysisRunner has terminated.
Mono: successfully reloaded assembly
- Completed reload, in  0.674 seconds
Platform modules already initialized, skipping
Refreshing native plugins compatible for Editor in 0.30 ms, found 1 plugins.
Preloading 0 native plugins for Editor in 0.00 ms.
Unloading 1860 Unused Serialized files (Serialized files now loaded: 0)
System memory in use before: 87.3 MB.
System memory in use after: 87.3 MB.

Unloading 12 unused Assets to reduce memory usage. Loaded Objects now: 2326.
Total: 1.797100 ms (FindLiveObjects: 0.146400 ms CreateObjectMapping: 0.054000 ms MarkObjects: 1.520700 ms  DeleteObjects: 0.075300 ms)

========================================================================
Received Prepare
Registering precompiled user dll's ...
Registered in 0.000815 seconds.
Begin MonoManager ReloadAssembly
Native extension for WindowsStandalone target not found
Refreshing native plugins compatible for Editor in 0.30 ms, found 1 plugins.
Preloading 0 native plugins for Editor in 0.00 ms.
Invoked RoslynAnalysisRunner static constructor.
RoslynAnalysisRunner will not be running.
RoslynAnalysisRunner has terminated.
Mono: successfully reloaded assembly
- Completed reload, in  0.673 seconds
Platform modules already initialized, skipping
Refreshing native plugins compatible for Editor in 0.33 ms, found 1 plugins.
Preloading 0 native plugins for Editor in 0.00 ms.
Unloading 1860 Unused Serialized files (Serialized files now loaded: 0)
System memory in use before: 87.3 MB.
System memory in use after: 87.3 MB.

Unloading 12 unused Assets to reduce memory usage. Loaded Objects now: 2330.
Total: 1.898400 ms (FindLiveObjects: 0.199200 ms CreateObjectMapping: 0.067000 ms MarkObjects: 1.552400 ms  DeleteObjects: 0.079100 ms)

========================================================================
Received Prepare
Registering precompiled user dll's ...
Registered in 0.000952 seconds.
Begin MonoManager ReloadAssembly
Native extension for WindowsStandalone target not found
Refreshing native plugins compatible for Editor in 0.29 ms, found 1 plugins.
Preloading 0 native plugins for Editor in 0.00 ms.
Invoked RoslynAnalysisRunner static constructor.
RoslynAnalysisRunner will not be running.
RoslynAnalysisRunner has terminated.
Mono: successfully reloaded assembly
- Completed reload, in  0.689 seconds
Platform modules already initialized, skipping
Refreshing native plugins compatible for Editor in 0.29 ms, found 1 plugins.
Preloading 0 native plugins for Editor in 0.00 ms.
Unloading 1860 Unused Serialized files (Serialized files now loaded: 0)
System memory in use before: 87.3 MB.
System memory in use after: 87.3 MB.

Unloading 12 unused Assets to reduce memory usage. Loaded Objects now: 2334.
Total: 1.702000 ms (FindLiveObjects: 0.193300 ms CreateObjectMapping: 0.063500 ms MarkObjects: 1.356900 ms  DeleteObjects: 0.087300 ms)

========================================================================
Received Import Request.
  Time since last request: 1102.080029 seconds.
  path: Assets/Scenes/Batalla.unity
  artifactKey: Guid(cbcfc63b0925e284d97b0091580b2ce2) Importer(815301076,1909f56bfc062723c751e8b465ee728b)
Start importing Assets/Scenes/Batalla.unity using Guid(cbcfc63b0925e284d97b0091580b2ce2) Importer(815301076,1909f56bfc062723c751e8b465ee728b)  -> (artifact id: '730c9c563b4a4fb7e41b89c316b1053b') in 0.019765 seconds
  Import took 0.030641 seconds .

========================================================================
Received Import Request.
  Time since last request: 321.146082 seconds.
  path: Assets
  artifactKey: Guid(00000000000000001000000000000000) Importer(815301076,1909f56bfc062723c751e8b465ee728b)
Start importing Assets using Guid(00000000000000001000000000000000) Importer(815301076,1909f56bfc062723c751e8b465ee728b)  -> (artifact id: 'b2e0e235c0f4af3754229b664788db90') in 0.010613 seconds
  Import took 0.026833 seconds .

========================================================================
Received Import Request.
  Time since last request: 5.468652 seconds.
  path: Assets/Juego.cs
  artifactKey: Guid(0232223cad0146c44913ff06ee8833f7) Importer(815301076,1909f56bfc062723c751e8b465ee728b)
Start importing Assets/Juego.cs using Guid(0232223cad0146c44913ff06ee8833f7) Importer(815301076,1909f56bfc062723c751e8b465ee728b)  -> (artifact id: 'a11989cde39cfa7a4558ec8f785be9cd') in 0.036547 seconds
  Import took 0.153708 seconds .

========================================================================
Received Prepare
Registering precompiled user dll's ...
Registered in 0.000737 seconds.
Begin MonoManager ReloadAssembly
Native extension for WindowsStandalone target not found
Refreshing native plugins compatible for Editor in 0.29 ms, found 1 plugins.
Preloading 0 native plugins for Editor in 0.00 ms.
Invoked RoslynAnalysisRunner static constructor.
RoslynAnalysisRunner will not be running.
RoslynAnalysisRunner has terminated.
Mono: successfully reloaded assembly
- Completed reload, in  0.696 seconds
Platform modules already initialized, skipping
Refreshing native plugins compatible for Editor in 0.29 ms, found 1 plugins.
Preloading 0 native plugins for Editor in 0.00 ms.
Unloading 1861 Unused Serialized files (Serialized files now loaded: 0)
System memory in use before: 87.4 MB.
System memory in use after: 87.4 MB.

Unloading 12 unused Assets to reduce memory usage. Loaded Objects now: 2339.
Total: 1.670800 ms (FindLiveObjects: 0.131500 ms CreateObjectMapping: 0.049800 ms MarkObjects: 1.405800 ms  DeleteObjects: 0.083100 ms)

========================================================================
Received Import Request.
  Time since last request: 4345.914039 seconds.
  path: Assets/Juego.cs
  artifactKey: Guid(0232223cad0146c44913ff06ee8833f7) Importer(815301076,1909f56bfc062723c751e8b465ee728b)
Start importing Assets/Juego.cs using Guid(0232223cad0146c44913ff06ee8833f7) Importer(815301076,1909f56bfc062723c751e8b465ee728b)  -> (artifact id: 'd52085a7bee2aa6186a5fb6545737a81') in 0.050416 seconds
  Import took 0.119172 seconds .

